example/build/app/intermediates/manifest_merge_blame_file/debug/manifest-merger-blame-debug-report.txt
1<?xml version="1.0" encoding="utf-8"?>
2<manifest xmlns:android="http://schemas.android.com/apk/res/android"
3    package="com.zendesk_example"
4    android:versionCode="1"
5    android:versionName="1.0" >
6
7    <uses-sdk
8        android:minSdkVersion="21"
9        android:targetSdkVersion="33" />
10    <!--
11         The INTERNET permission is required for development. Specifically,
12         the Flutter tool needs it to communicate with the running application
13         to allow setting breakpoints, to provide hot reload, etc.
14    -->
15    <uses-permission android:name="android.permission.INTERNET" />
15-->src/main/AndroidManifest.xml:4:5-67
15-->src/main/AndroidManifest.xml:4:22-64
16    <uses-permission android:name="android.permission.ACCESS_NETWORK_STATE" />
16-->src/main/AndroidManifest.xml:5:5-79
16-->src/main/AndroidManifest.xml:5:22-76
17    <uses-permission android:name="android.permission.ACCESS_WIFI_STATE" />
17-->src/main/AndroidManifest.xml:6:5-76
17-->src/main/AndroidManifest.xml:6:22-73
18    <uses-permission
18-->src/main/AndroidManifest.xml:7:5-80
19        android:name="android.permission.READ_EXTERNAL_STORAGE"
19-->src/main/AndroidManifest.xml:7:22-77
20        android:maxSdkVersion="32" />
20-->[com.zendesk.belvedere2:belvedere:3.0.5] AndroidManifest.xml:18:9-35
21    <uses-permission android:name="android.permission.WRITE_EXTERNAL_STORAGE" /> <!-- Needed for api 30+ https://developer.android.com/about/versions/11/privacy/package-visibility -->
21-->src/main/AndroidManifest.xml:8:5-81
21-->src/main/AndroidManifest.xml:8:22-78
22    <queries>
22-->[com.zendesk:support:5.1.2] AndroidManifest.xml:11:5-29:15
23
24        <!-- Camera -->
25        <intent>
25-->[com.zendesk:support:5.1.2] AndroidManifest.xml:14:9-16:18
26            <action android:name="android.media.action.IMAGE_CAPTURE" />
26-->[com.zendesk:support:5.1.2] AndroidManifest.xml:15:13-73
26-->[com.zendesk:support:5.1.2] AndroidManifest.xml:15:21-70
27        </intent>
28        <!-- Docs -->
29        <intent>
29-->[com.zendesk:support:5.1.2] AndroidManifest.xml:18:9-22:18
30            <action android:name="android.intent.action.OPEN_DOCUMENT" />
30-->[com.zendesk:support:5.1.2] AndroidManifest.xml:19:13-74
30-->[com.zendesk:support:5.1.2] AndroidManifest.xml:19:21-71
31
32            <data android:mimeType="*/*" />
32-->[com.zendesk:support:5.1.2] AndroidManifest.xml:21:13-44
32-->[com.zendesk:support:5.1.2] AndroidManifest.xml:21:19-41
33        </intent>
34        <!-- Gallery -->
35        <intent>
35-->[com.zendesk:support:5.1.2] AndroidManifest.xml:24:9-28:18
36            <action android:name="android.intent.action.GET_CONTENT" />
36-->[com.zendesk:support:5.1.2] AndroidManifest.xml:25:13-72
36-->[com.zendesk:support:5.1.2] AndroidManifest.xml:25:21-69
37
38            <data android:mimeType="*/*" />
38-->[com.zendesk:support:5.1.2] AndroidManifest.xml:21:13-44
38-->[com.zendesk:support:5.1.2] AndroidManifest.xml:21:19-41
39        </intent>
40        <!-- Browser -->
41        <intent>
41-->[com.zendesk:common-ui:4.0.5] AndroidManifest.xml:12:9-16:18
42            <action android:name="android.intent.action.VIEW" />
42-->[com.zendesk:common-ui:4.0.5] AndroidManifest.xml:13:13-65
42-->[com.zendesk:common-ui:4.0.5] AndroidManifest.xml:13:21-62
43
44            <data android:scheme="http" />
44-->[com.zendesk:support:5.1.2] AndroidManifest.xml:21:13-44
45        </intent> <!-- Gallery -->
46        <intent>
46-->[com.zendesk:common-ui:4.0.5] AndroidManifest.xml:24:9-26:18
47            <action android:name="android.intent.action.GET_CONTENT" />
47-->[com.zendesk:support:5.1.2] AndroidManifest.xml:25:13-72
47-->[com.zendesk:support:5.1.2] AndroidManifest.xml:25:21-69
48        </intent>
49    </queries> <!-- Required only if your app targets Android 13. -->
50    <uses-permission android:name="android.permission.READ_MEDIA_IMAGES" />
50-->[com.zendesk.belvedere2:belvedere:3.0.5] AndroidManifest.xml:11:5-76
50-->[com.zendesk.belvedere2:belvedere:3.0.5] AndroidManifest.xml:11:22-73
51    <uses-permission android:name="android.permission.READ_MEDIA_VIDEO" />
51-->[com.zendesk.belvedere2:belvedere:3.0.5] AndroidManifest.xml:12:5-75
51-->[com.zendesk.belvedere2:belvedere:3.0.5] AndroidManifest.xml:12:22-72
52    <uses-permission android:name="android.permission.READ_MEDIA_AUDIO" />
52-->[com.zendesk.belvedere2:belvedere:3.0.5] AndroidManifest.xml:13:5-75
52-->[com.zendesk.belvedere2:belvedere:3.0.5] AndroidManifest.xml:13:22-72
53
54    <permission
54-->[androidx.core:core:1.9.0] AndroidManifest.xml:22:5-24:47
55        android:name="com.zendesk_example.DYNAMIC_RECEIVER_NOT_EXPORTED_PERMISSION"
55-->[androidx.core:core:1.9.0] AndroidManifest.xml:23:9-81
56        android:protectionLevel="signature" />
56-->[androidx.core:core:1.9.0] AndroidManifest.xml:24:9-44
57
58    <uses-permission android:name="com.zendesk_example.DYNAMIC_RECEIVER_NOT_EXPORTED_PERMISSION" />
58-->[androidx.core:core:1.9.0] AndroidManifest.xml:26:5-97
58-->[androidx.core:core:1.9.0] AndroidManifest.xml:26:22-94
59
60    <application
60-->src/main/AndroidManifest.xml:10:4-41:19
61        android:appComponentFactory="androidx.core.app.CoreComponentFactory"
61-->[androidx.core:core:1.9.0] AndroidManifest.xml:28:18-86
62        android:debuggable="true"
63        android:icon="@mipmap/ic_launcher"
63-->src/main/AndroidManifest.xml:12:9-43
64        android:label="zendesk_flutter_example"
64-->src/main/AndroidManifest.xml:11:9-48
65        android:requestLegacyExternalStorage="true"
65-->src/main/AndroidManifest.xml:14:9-52
66        android:supportsRtl="true"
66-->[com.zendesk:messaging:5.3.0] AndroidManifest.xml:9:18-44
67        android:theme="@style/LaunchTheme" >
67-->src/main/AndroidManifest.xml:13:9-43
68        <activity
68-->src/main/AndroidManifest.xml:15:9-35:20
69            android:name="com.zendesk_example.MainActivity"
69-->src/main/AndroidManifest.xml:16:13-60
70            android:configChanges="orientation|keyboardHidden|keyboard|screenSize|smallestScreenSize|locale|layoutDirection|fontScale|screenLayout|density|uiMode"
70-->src/main/AndroidManifest.xml:20:13-163
71            android:exported="true"
71-->src/main/AndroidManifest.xml:17:13-36
72            android:hardwareAccelerated="true"
72-->src/main/AndroidManifest.xml:21:13-47
73            android:launchMode="singleTop"
73-->src/main/AndroidManifest.xml:18:13-43
74            android:theme="@style/LaunchTheme"
74-->src/main/AndroidManifest.xml:19:13-47
75            android:windowSoftInputMode="adjustResize" >
75-->src/main/AndroidManifest.xml:22:13-55
76
77            <!--
78                 Specifies an Android theme to apply to this Activity as soon as
79                 the Android process has started. This theme is visible to the user
80                 while the Flutter UI initializes. After that, this theme continues
81                 to determine the Window background behind the Flutter UI.
82            -->
83            <meta-data
83-->src/main/AndroidManifest.xml:27:13-30:17
84                android:name="io.flutter.embedding.android.NormalTheme"
84-->src/main/AndroidManifest.xml:28:15-70
85                android:resource="@style/NormalTheme" />
85-->src/main/AndroidManifest.xml:29:15-52
86
87            <intent-filter>
87-->src/main/AndroidManifest.xml:31:13-34:29
88                <action android:name="android.intent.action.MAIN" />
88-->src/main/AndroidManifest.xml:32:17-68
88-->src/main/AndroidManifest.xml:32:25-66
89
90                <category android:name="android.intent.category.LAUNCHER" />
90-->src/main/AndroidManifest.xml:33:17-76
90-->src/main/AndroidManifest.xml:33:27-74
91            </intent-filter>
92        </activity>
93        <!--
94             Don't delete the meta-data below.
95             This is used by the Flutter tool to generate GeneratedPluginRegistrant.java
96        -->
97        <meta-data
97-->src/main/AndroidManifest.xml:38:9-40:33
98            android:name="flutterEmbedding"
98-->src/main/AndroidManifest.xml:39:13-44
99            android:value="2" />
99-->src/main/AndroidManifest.xml:40:13-30
100
101        <activity
101-->[com.zendesk:support:5.1.2] AndroidManifest.xml:32:9-35:58
102            android:name="zendesk.support.request.RequestActivity"
102-->[com.zendesk:support:5.1.2] AndroidManifest.xml:33:13-67
103            android:exported="false"
103-->[com.zendesk:support:5.1.2] AndroidManifest.xml:34:13-37
104            android:windowSoftInputMode="adjustResize" />
104-->[com.zendesk:support:5.1.2] AndroidManifest.xml:35:13-55
105        <activity
105-->[com.zendesk:support:5.1.2] AndroidManifest.xml:36:9-39:67
106            android:name="zendesk.support.requestlist.RequestListActivity"
106-->[com.zendesk:support:5.1.2] AndroidManifest.xml:37:13-75
107            android:exported="false"
107-->[com.zendesk:support:5.1.2] AndroidManifest.xml:38:13-37
108            android:label="@string/request_list_activity_title" />
108-->[com.zendesk:support:5.1.2] AndroidManifest.xml:39:13-64
109
110        <receiver
110-->[com.zendesk:support:5.1.2] AndroidManifest.xml:41:9-47:20
111            android:name="zendesk.support.DeepLinkingBroadcastReceiver"
111-->[com.zendesk:support:5.1.2] AndroidManifest.xml:42:13-72
112            android:exported="false" >
112-->[com.zendesk:support:5.1.2] AndroidManifest.xml:43:13-37
113            <intent-filter>
113-->[com.zendesk:support:5.1.2] AndroidManifest.xml:44:13-46:29
114                <action android:name="zendesk.support" />
114-->[com.zendesk:support:5.1.2] AndroidManifest.xml:45:17-58
114-->[com.zendesk:support:5.1.2] AndroidManifest.xml:45:25-55
115            </intent-filter>
116        </receiver>
117
118        <provider
118-->[com.zendesk:support:5.1.2] AndroidManifest.xml:49:9-53:40
119            android:name="zendesk.support.SupportSdkStartupProvider"
119-->[com.zendesk:support:5.1.2] AndroidManifest.xml:50:13-69
120            android:authorities="com.zendesk_example.zendesk.support.SupportSdkStartupProvider"
120-->[com.zendesk:support:5.1.2] AndroidManifest.xml:51:13-93
121            android:enabled="true"
121-->[com.zendesk:support:5.1.2] AndroidManifest.xml:52:13-35
122            android:exported="false" />
122-->[com.zendesk:support:5.1.2] AndroidManifest.xml:53:13-37
123
124        <activity
124-->[com.zendesk:guide:1.1.1] AndroidManifest.xml:11:9-15:69
125            android:name="zendesk.support.guide.ViewArticleActivity"
125-->[com.zendesk:guide:1.1.1] AndroidManifest.xml:12:13-69
126            android:configChanges="orientation|screenSize"
126-->[com.zendesk:guide:1.1.1] AndroidManifest.xml:13:13-59
127            android:exported="false"
127-->[com.zendesk:guide:1.1.1] AndroidManifest.xml:14:13-37
128            android:label="@string/zs_view_article_loading_title" />
128-->[com.zendesk:guide:1.1.1] AndroidManifest.xml:15:13-66
129        <activity
129-->[com.zendesk:guide:1.1.1] AndroidManifest.xml:16:9-20:58
130            android:name="zendesk.support.guide.HelpCenterActivity"
130-->[com.zendesk:guide:1.1.1] AndroidManifest.xml:17:13-68
131            android:exported="false"
131-->[com.zendesk:guide:1.1.1] AndroidManifest.xml:18:13-37
132            android:label="@string/support_activity_title"
132-->[com.zendesk:guide:1.1.1] AndroidManifest.xml:19:13-59
133            android:windowSoftInputMode="adjustResize" />
133-->[com.zendesk:guide:1.1.1] AndroidManifest.xml:20:13-55
134
135        <provider
135-->[com.zendesk:guide:1.1.1] AndroidManifest.xml:22:9-26:40
136            android:name="zendesk.support.guide.GuideSdkStartupProvider"
136-->[com.zendesk:guide:1.1.1] AndroidManifest.xml:23:13-73
137            android:authorities="com.zendesk_example.zendesk.support.GuideSdkStartupProvider"
137-->[com.zendesk:guide:1.1.1] AndroidManifest.xml:24:13-91
138            android:enabled="true"
138-->[com.zendesk:guide:1.1.1] AndroidManifest.xml:25:13-35
139            android:exported="false" />
139-->[com.zendesk:guide:1.1.1] AndroidManifest.xml:26:13-37
140
141        <activity
141-->[com.zendesk:messaging:5.3.0] AndroidManifest.xml:10:9-13:58
142            android:name="zendesk.classic.messaging.MessagingActivity"
142-->[com.zendesk:messaging:5.3.0] AndroidManifest.xml:11:13-71
143            android:exported="false"
143-->[com.zendesk:messaging:5.3.0] AndroidManifest.xml:12:13-37
144            android:windowSoftInputMode="adjustResize" />
144-->[com.zendesk:messaging:5.3.0] AndroidManifest.xml:13:13-55
145
146        <uses-library
146-->[androidx.window:window:1.0.0-beta04] AndroidManifest.xml:25:9-27:40
147            android:name="androidx.window.extensions"
147-->[androidx.window:window:1.0.0-beta04] AndroidManifest.xml:26:13-54
148            android:required="false" />
148-->[androidx.window:window:1.0.0-beta04] AndroidManifest.xml:27:13-37
149        <uses-library
149-->[androidx.window:window:1.0.0-beta04] AndroidManifest.xml:28:9-30:40
150            android:name="androidx.window.sidecar"
150-->[androidx.window:window:1.0.0-beta04] AndroidManifest.xml:29:13-51
151            android:required="false" />
151-->[androidx.window:window:1.0.0-beta04] AndroidManifest.xml:30:13-37
152
153        <provider
153-->[com.zendesk.belvedere2:belvedere-core:3.0.5] AndroidManifest.xml:33:9-42:20
154            android:name="zendesk.belvedere.BelvedereFileProvider"
154-->[com.zendesk.belvedere2:belvedere-core:3.0.5] AndroidManifest.xml:34:13-67
155            android:authorities="com.zendesk_example.belvedere2.attachments"
155-->[com.zendesk.belvedere2:belvedere-core:3.0.5] AndroidManifest.xml:35:13-74
156            android:exported="false"
156-->[com.zendesk.belvedere2:belvedere-core:3.0.5] AndroidManifest.xml:36:13-37
157            android:grantUriPermissions="true"
157-->[com.zendesk.belvedere2:belvedere-core:3.0.5] AndroidManifest.xml:37:13-47
158            android:readPermission="true" >
158-->[com.zendesk.belvedere2:belvedere-core:3.0.5] AndroidManifest.xml:38:13-42
159            <meta-data
159-->[com.zendesk.belvedere2:belvedere-core:3.0.5] AndroidManifest.xml:39:13-41:75
160                android:name="android.support.FILE_PROVIDER_PATHS"
160-->[com.zendesk.belvedere2:belvedere-core:3.0.5] AndroidManifest.xml:40:17-67
161                android:resource="@xml/belvedere_attachment_storage_v2" />
161-->[com.zendesk.belvedere2:belvedere-core:3.0.5] AndroidManifest.xml:41:17-72
162        </provider>
163        <provider
163-->[com.squareup.picasso:picasso:2.8] AndroidManifest.xml:8:9-11:40
164            android:name="com.squareup.picasso.PicassoProvider"
164-->[com.squareup.picasso:picasso:2.8] AndroidManifest.xml:9:13-64
165            android:authorities="com.zendesk_example.com.squareup.picasso"
165-->[com.squareup.picasso:picasso:2.8] AndroidManifest.xml:10:13-72
166            android:exported="false" />
166-->[com.squareup.picasso:picasso:2.8] AndroidManifest.xml:11:13-37
167        <provider
167-->[androidx.emoji2:emoji2:1.2.0] AndroidManifest.xml:24:9-32:20
168            android:name="androidx.startup.InitializationProvider"
168-->[androidx.emoji2:emoji2:1.2.0] AndroidManifest.xml:25:13-67
169            android:authorities="com.zendesk_example.androidx-startup"
169-->[androidx.emoji2:emoji2:1.2.0] AndroidManifest.xml:26:13-68
170            android:exported="false" >
170-->[androidx.emoji2:emoji2:1.2.0] AndroidManifest.xml:27:13-37
171            <meta-data
171-->[androidx.emoji2:emoji2:1.2.0] AndroidManifest.xml:29:13-31:52
172                android:name="androidx.emoji2.text.EmojiCompatInitializer"
172-->[androidx.emoji2:emoji2:1.2.0] AndroidManifest.xml:30:17-75
173                android:value="androidx.startup" />
173-->[androidx.emoji2:emoji2:1.2.0] AndroidManifest.xml:31:17-49
174            <meta-data
174-->[androidx.lifecycle:lifecycle-process:2.4.1] AndroidManifest.xml:31:13-33:52
175                android:name="androidx.lifecycle.ProcessLifecycleInitializer"
175-->[androidx.lifecycle:lifecycle-process:2.4.1] AndroidManifest.xml:32:17-78
176                android:value="androidx.startup" />
176-->[androidx.lifecycle:lifecycle-process:2.4.1] AndroidManifest.xml:33:17-49
177        </provider>
178    </application>
179
180</manifest>